c:\users\user.000\source\repos\test_ping_pong\ping_pong\ping_pong\x64\debug\vc141.pdb
c:\users\user.000\source\repos\test_ping_pong\ping_pong\ping_pong\x64\debug\vc141.idb
c:\users\user.000\source\repos\test_ping_pong\ping_pong\ping_pong\x64\debug\vec2.obj
c:\users\user.000\source\repos\test_ping_pong\ping_pong\ping_pong\x64\debug\player.obj
c:\users\user.000\source\repos\test_ping_pong\ping_pong\ping_pong\x64\debug\obj.obj
c:\users\user.000\source\repos\test_ping_pong\ping_pong\ping_pong\x64\debug\main.obj
c:\users\user.000\source\repos\test_ping_pong\ping_pong\ping_pong\x64\debug\framerate.obj
c:\users\user.000\source\repos\test_ping_pong\ping_pong\ping_pong\x64\debug\core.obj
c:\users\user.000\source\repos\test_ping_pong\ping_pong\ping_pong\x64\debug\boll.obj
c:\users\user.000\source\repos\test_ping_pong\ping_pong\x64\debug\ping_pong.pdb
c:\users\user.000\source\repos\test_ping_pong\ping_pong\ping_pong\x64\debug\ping_pong.tlog\cl.command.1.tlog
c:\users\user.000\source\repos\test_ping_pong\ping_pong\ping_pong\x64\debug\ping_pong.tlog\cl.read.1.tlog
c:\users\user.000\source\repos\test_ping_pong\ping_pong\ping_pong\x64\debug\ping_pong.tlog\cl.write.1.tlog
c:\users\user.000\source\repos\test_ping_pong\ping_pong\ping_pong\x64\debug\ping_pong.tlog\link-cvtres.read.1.tlog
c:\users\user.000\source\repos\test_ping_pong\ping_pong\ping_pong\x64\debug\ping_pong.tlog\link-cvtres.write.1.tlog
c:\users\user.000\source\repos\test_ping_pong\ping_pong\ping_pong\x64\debug\ping_pong.tlog\link-rc.read.1.tlog
c:\users\user.000\source\repos\test_ping_pong\ping_pong\ping_pong\x64\debug\ping_pong.tlog\link-rc.write.1.tlog
c:\users\user.000\source\repos\test_ping_pong\ping_pong\ping_pong\x64\debug\ping_pong.tlog\link.command.1.tlog
c:\users\user.000\source\repos\test_ping_pong\ping_pong\ping_pong\x64\debug\ping_pong.tlog\link.read.1.tlog
c:\users\user.000\source\repos\test_ping_pong\ping_pong\ping_pong\x64\debug\ping_pong.tlog\link.write.1.tlog
